{"name": "test_increase_today_counter[chrome]", "status": "failed", "statusDetails": {"message": "AssertionError: assert 161716 == 161715", "trace": "self = <tests.test_order_feed.TestOrderFeed object at 0x0000026685D195B0>, driver = <selenium.webdriver.chrome.webdriver.WebDriver (session=\"2d91b7e43b8d01970d94e284158bc771\")>\n\n    @allure.description(\n        'Проверка появления номера заказа в разделе \"в работе\"')\n    def test_increase_today_counter(self, driver):\n        order_feed = OrderFeedPage(driver)\n        order_feed.get(BASE_URL)\n        order_feed.login_personal_account()\n        order_feed.make_order()\n        actual_order_number = int(order_feed.get_order_number())\n        print(actual_order_number)\n        order_feed.close_popup()\n        order_feed.click_on_order_feed()\n        order_feed.waiting_disappearing_orders_are_ready()\n        order_number_in_order_feed = order_feed.extract_order_number()\n        print(order_number_in_order_feed)\n>       assert actual_order_number == order_number_in_order_feed\nE       assert 161716 == 161715\n\ntests\\test_order_feed.py:82: AssertionError"}, "description": "Проверка появления номера заказа в разделе \"в работе\"", "steps": [{"name": "Переход на страницу бургеров", "status": "passed", "parameters": [{"name": "url", "value": "'https://stellarburgers.nomoreparties.site/'"}], "start": 1733406154597, "stop": 1733406156202}, {"name": "Авторизация по клику на \"Личный кабинет\"", "status": "passed", "start": 1733406156202, "stop": 1733406157003}, {"name": "Оформление заказа", "status": "passed", "start": 1733406157003, "stop": 1733406157612}, {"name": "Получение номера заказа", "status": "passed", "start": 1733406157612, "stop": 1733406159160}, {"name": "Закрытие всплывающего окна кликом по крестику", "status": "passed", "start": 1733406159160, "stop": 1733406159191}, {"name": "Переход по клику на \"Лента заказов\"", "status": "passed", "start": 1733406159191, "stop": 1733406160759}, {"name": "Ожидание исчезновения надписи \"Все текущие заказы готовы!\"", "status": "passed", "start": 1733406160759, "stop": 1733406162816}, {"name": "Извление номера заказа в разделе \"в работе\"", "status": "passed", "start": 1733406162816, "stop": 1733406162848}], "attachments": [{"name": "stdout", "source": "41052c3e-a167-4402-b43d-0fc3a7a8ef33-attachment.txt", "type": "text/plain"}], "parameters": [{"name": "driver", "value": "'chrome'"}], "start": 1733406154597, "stop": 1733406162848, "uuid": "f57b0546-8bbd-4336-a2b4-9af513f0ec11", "historyId": "26f9e42116fd2d0805e0e3116e6ff90a", "testCaseId": "4745d11133a6b803e8207c9ff48b7b3e", "fullName": "tests.test_order_feed.TestOrderFeed#test_increase_today_counter", "labels": [{"name": "parentSuite", "value": "tests"}, {"name": "suite", "value": "test_order_feed"}, {"name": "subSuite", "value": "TestOrderFeed"}, {"name": "host", "value": "KOMPUTER"}, {"name": "thread", "value": "8968-MainThread"}, {"name": "framework", "value": "pytest"}, {"name": "language", "value": "cpython3"}, {"name": "package", "value": "tests.test_order_feed"}]}