{"name": "test_increase_today_counter[chrome]", "status": "failed", "statusDetails": {"message": "AssertionError: assert 161699 == 161698", "trace": "self = <tests.test_order_feed.TestOrderFeed object at 0x00000200DC2D79B0>, driver = <selenium.webdriver.chrome.webdriver.WebDriver (session=\"426242255abc5cb330a48827eca03fd8\")>\n\n    @allure.description(\n        'Проверка появления номера заказа в разделе \"в работе\"')\n    def test_increase_today_counter(self, driver):\n        order_feed = OrderFeedPage(driver)\n        order_feed.get(BASE_URL)\n        order_feed.login_personal_account()\n        order_feed.make_order()\n        actual_order_number = int(order_feed.get_order_number())\n        print(actual_order_number)\n        order_feed.close_popup()\n        order_feed.click_on_order_feed()\n        order_feed.waiting_disappearing_orders_are_ready()\n        order_number_in_order_feed = order_feed.extract_order_number()\n        print(order_number_in_order_feed)\n>       assert actual_order_number == order_number_in_order_feed\nE       assert 161699 == 161698\n\ntests\\test_order_feed.py:82: AssertionError"}, "description": "Проверка появления номера заказа в разделе \"в работе\"", "steps": [{"name": "Переход на страницу бургеров", "status": "passed", "parameters": [{"name": "url", "value": "'https://stellarburgers.nomoreparties.site/'"}], "start": 1733405293647, "stop": 1733405295227}, {"name": "Авторизация по клику на \"Личный кабинет\"", "status": "passed", "start": 1733405295227, "stop": 1733405296034}, {"name": "Оформление заказа", "status": "passed", "start": 1733405296034, "stop": 1733405296151}, {"name": "Получение номера заказа", "status": "passed", "start": 1733405296151, "stop": 1733405298230}, {"name": "Закрытие всплывающего окна кликом по крестику", "status": "passed", "start": 1733405298230, "stop": 1733405298264}, {"name": "Переход по клику на \"Лента заказов\"", "status": "passed", "start": 1733405298264, "stop": 1733405299839}, {"name": "Ожидание исчезновения надписи \"Все текущие заказы готовы!\"", "status": "passed", "start": 1733405299839, "stop": 1733405301899}, {"name": "Извление номера заказа в разделе \"в работе\"", "status": "passed", "start": 1733405301899, "stop": 1733405301921}], "attachments": [{"name": "stdout", "source": "99f679fa-517f-4db1-bf50-adbf7610533c-attachment.txt", "type": "text/plain"}], "parameters": [{"name": "driver", "value": "'chrome'"}], "start": 1733405293647, "stop": 1733405301921, "uuid": "860f3dfa-6cd4-4f97-882a-cfcf8b9c4e2f", "historyId": "26f9e42116fd2d0805e0e3116e6ff90a", "testCaseId": "4745d11133a6b803e8207c9ff48b7b3e", "fullName": "tests.test_order_feed.TestOrderFeed#test_increase_today_counter", "labels": [{"name": "parentSuite", "value": "tests"}, {"name": "suite", "value": "test_order_feed"}, {"name": "subSuite", "value": "TestOrderFeed"}, {"name": "host", "value": "KOMPUTER"}, {"name": "thread", "value": "19600-MainThread"}, {"name": "framework", "value": "pytest"}, {"name": "language", "value": "cpython3"}, {"name": "package", "value": "tests.test_order_feed"}]}